{"/home/redfoxfinn/Projects/WebstormProjects/fullStack2019/4/blogilista/controllers/apiController.js": {"path":"/home/redfoxfinn/Projects/WebstormProjects/fullStack2019/4/blogilista/controllers/apiController.js","statementMap":{"0":{"start":{"line":1,"column":15},"end":{"line":1,"column":44}},"1":{"start":{"line":2,"column":16},"end":{"line":2,"column":34}},"2":{"start":{"line":3,"column":12},"end":{"line":3,"column":21}},"3":{"start":{"line":4,"column":19},"end":{"line":4,"column":41}},"4":{"start":{"line":5,"column":13},"end":{"line":5,"column":28}},"5":{"start":{"line":6,"column":13},"end":{"line":6,"column":46}},"6":{"start":{"line":7,"column":13},"end":{"line":7,"column":46}},"7":{"start":{"line":8,"column":10},"end":{"line":8,"column":27}},"8":{"start":{"line":9,"column":15},"end":{"line":9,"column":32}},"9":{"start":{"line":10,"column":12},"end":{"line":10,"column":35}},"10":{"start":{"line":12,"column":0},"end":{"line":12,"column":16}},"11":{"start":{"line":13,"column":0},"end":{"line":13,"column":27}},"12":{"start":{"line":15,"column":21},"end":{"line":21,"column":1}},"13":{"start":{"line":16,"column":24},"end":{"line":16,"column":52}},"14":{"start":{"line":17,"column":2},"end":{"line":19,"column":3}},"15":{"start":{"line":18,"column":4},"end":{"line":18,"column":38}},"16":{"start":{"line":20,"column":2},"end":{"line":20,"column":14}},"17":{"start":{"line":23,"column":15},"end":{"line":25,"column":1}},"18":{"start":{"line":24,"column":2},"end":{"line":24,"column":42}},"19":{"start":{"line":27,"column":0},"end":{"line":35,"column":3}},"20":{"start":{"line":28,"column":2},"end":{"line":34,"column":3}},"21":{"start":{"line":29,"column":16},"end":{"line":29,"column":53}},"22":{"start":{"line":30,"column":4},"end":{"line":30,"column":39}},"23":{"start":{"line":30,"column":27},"end":{"line":30,"column":37}},"24":{"start":{"line":31,"column":4},"end":{"line":31,"column":37}},"25":{"start":{"line":33,"column":4},"end":{"line":33,"column":58}},"26":{"start":{"line":37,"column":0},"end":{"line":45,"column":3}},"27":{"start":{"line":38,"column":2},"end":{"line":44,"column":3}},"28":{"start":{"line":39,"column":15},"end":{"line":39,"column":75}},"29":{"start":{"line":40,"column":4},"end":{"line":40,"column":37}},"30":{"start":{"line":40,"column":25},"end":{"line":40,"column":35}},"31":{"start":{"line":41,"column":4},"end":{"line":41,"column":36}},"32":{"start":{"line":43,"column":4},"end":{"line":43,"column":65}},"33":{"start":{"line":47,"column":0},"end":{"line":76,"column":3}},"34":{"start":{"line":48,"column":2},"end":{"line":48,"column":25}},"35":{"start":{"line":49,"column":15},"end":{"line":49,"column":27}},"36":{"start":{"line":50,"column":2},"end":{"line":75,"column":3}},"37":{"start":{"line":51,"column":23},"end":{"line":51,"column":25}},"38":{"start":{"line":52,"column":4},"end":{"line":52,"column":24}},"39":{"start":{"line":53,"column":25},"end":{"line":53,"column":63}},"40":{"start":{"line":54,"column":4},"end":{"line":54,"column":24}},"41":{"start":{"line":55,"column":18},"end":{"line":55,"column":60}},"42":{"start":{"line":56,"column":4},"end":{"line":56,"column":24}},"43":{"start":{"line":58,"column":4},"end":{"line":71,"column":5}},"44":{"start":{"line":59,"column":22},"end":{"line":64,"column":8}},"45":{"start":{"line":65,"column":19},"end":{"line":65,"column":39}},"46":{"start":{"line":66,"column":6},"end":{"line":66,"column":26}},"47":{"start":{"line":67,"column":6},"end":{"line":67,"column":38}},"48":{"start":{"line":69,"column":6},"end":{"line":69,"column":26}},"49":{"start":{"line":70,"column":6},"end":{"line":70,"column":64}},"50":{"start":{"line":73,"column":4},"end":{"line":73,"column":32}},"51":{"start":{"line":74,"column":4},"end":{"line":74,"column":64}},"52":{"start":{"line":78,"column":0},"end":{"line":86,"column":3}},"53":{"start":{"line":79,"column":2},"end":{"line":85,"column":3}},"54":{"start":{"line":80,"column":16},"end":{"line":80,"column":55}},"55":{"start":{"line":81,"column":4},"end":{"line":81,"column":39}},"56":{"start":{"line":81,"column":27},"end":{"line":81,"column":37}},"57":{"start":{"line":82,"column":4},"end":{"line":82,"column":37}},"58":{"start":{"line":84,"column":4},"end":{"line":84,"column":58}},"59":{"start":{"line":88,"column":0},"end":{"line":96,"column":3}},"60":{"start":{"line":89,"column":2},"end":{"line":95,"column":3}},"61":{"start":{"line":90,"column":16},"end":{"line":90,"column":77}},"62":{"start":{"line":91,"column":4},"end":{"line":91,"column":39}},"63":{"start":{"line":91,"column":27},"end":{"line":91,"column":37}},"64":{"start":{"line":92,"column":4},"end":{"line":92,"column":37}},"65":{"start":{"line":94,"column":4},"end":{"line":94,"column":62}},"66":{"start":{"line":98,"column":0},"end":{"line":131,"column":3}},"67":{"start":{"line":99,"column":15},"end":{"line":99,"column":27}},"68":{"start":{"line":101,"column":16},"end":{"line":101,"column":37}},"69":{"start":{"line":103,"column":2},"end":{"line":130,"column":3}},"70":{"start":{"line":104,"column":25},"end":{"line":104,"column":38}},"71":{"start":{"line":106,"column":4},"end":{"line":108,"column":5}},"72":{"start":{"line":107,"column":6},"end":{"line":107,"column":76}},"73":{"start":{"line":110,"column":17},"end":{"line":110,"column":53}},"74":{"start":{"line":112,"column":4},"end":{"line":127,"column":5}},"75":{"start":{"line":113,"column":22},"end":{"line":119,"column":8}},"76":{"start":{"line":121,"column":24},"end":{"line":121,"column":44}},"77":{"start":{"line":122,"column":6},"end":{"line":122,"column":52}},"78":{"start":{"line":123,"column":6},"end":{"line":123,"column":24}},"79":{"start":{"line":124,"column":6},"end":{"line":124,"column":43}},"80":{"start":{"line":126,"column":6},"end":{"line":126,"column":75}},"81":{"start":{"line":129,"column":4},"end":{"line":129,"column":68}},"82":{"start":{"line":133,"column":0},"end":{"line":161,"column":3}},"83":{"start":{"line":135,"column":16},"end":{"line":135,"column":37}},"84":{"start":{"line":137,"column":2},"end":{"line":160,"column":3}},"85":{"start":{"line":139,"column":25},"end":{"line":139,"column":38}},"86":{"start":{"line":141,"column":4},"end":{"line":143,"column":5}},"87":{"start":{"line":142,"column":6},"end":{"line":142,"column":76}},"88":{"start":{"line":145,"column":17},"end":{"line":145,"column":53}},"89":{"start":{"line":146,"column":17},"end":{"line":146,"column":55}},"90":{"start":{"line":148,"column":4},"end":{"line":150,"column":5}},"91":{"start":{"line":149,"column":6},"end":{"line":149,"column":71}},"92":{"start":{"line":152,"column":4},"end":{"line":157,"column":9}},"93":{"start":{"line":154,"column":8},"end":{"line":154,"column":35}},"94":{"start":{"line":156,"column":8},"end":{"line":156,"column":68}},"95":{"start":{"line":159,"column":4},"end":{"line":159,"column":64}},"96":{"start":{"line":163,"column":0},"end":{"line":196,"column":3}},"97":{"start":{"line":165,"column":16},"end":{"line":165,"column":37}},"98":{"start":{"line":167,"column":2},"end":{"line":195,"column":3}},"99":{"start":{"line":169,"column":25},"end":{"line":169,"column":38}},"100":{"start":{"line":171,"column":4},"end":{"line":173,"column":5}},"101":{"start":{"line":172,"column":6},"end":{"line":172,"column":76}},"102":{"start":{"line":175,"column":17},"end":{"line":175,"column":53}},"103":{"start":{"line":176,"column":17},"end":{"line":176,"column":55}},"104":{"start":{"line":178,"column":4},"end":{"line":180,"column":5}},"105":{"start":{"line":179,"column":6},"end":{"line":179,"column":71}},"106":{"start":{"line":182,"column":19},"end":{"line":187,"column":5}},"107":{"start":{"line":188,"column":4},"end":{"line":191,"column":8}},"108":{"start":{"line":192,"column":4},"end":{"line":192,"column":40}},"109":{"start":{"line":194,"column":4},"end":{"line":194,"column":66}},"110":{"start":{"line":198,"column":0},"end":{"line":212,"column":3}},"111":{"start":{"line":199,"column":15},"end":{"line":199,"column":27}},"112":{"start":{"line":201,"column":15},"end":{"line":201,"column":60}},"113":{"start":{"line":202,"column":18},"end":{"line":202,"column":80}},"114":{"start":{"line":204,"column":2},"end":{"line":211,"column":3}},"115":{"start":{"line":205,"column":4},"end":{"line":205,"column":78}},"116":{"start":{"line":207,"column":25},"end":{"line":207,"column":64}},"117":{"start":{"line":208,"column":18},"end":{"line":208,"column":55}},"118":{"start":{"line":210,"column":4},"end":{"line":210,"column":81}},"119":{"start":{"line":214,"column":0},"end":{"line":214,"column":21}}},"fnMap":{"0":{"name":"(anonymous_0)","decl":{"start":{"line":15,"column":21},"end":{"line":15,"column":22}},"loc":{"start":{"line":15,"column":32},"end":{"line":21,"column":1}},"line":15},"1":{"name":"(anonymous_1)","decl":{"start":{"line":23,"column":15},"end":{"line":23,"column":16}},"loc":{"start":{"line":23,"column":24},"end":{"line":25,"column":1}},"line":23},"2":{"name":"(anonymous_2)","decl":{"start":{"line":27,"column":22},"end":{"line":27,"column":23}},"loc":{"start":{"line":27,"column":51},"end":{"line":35,"column":1}},"line":27},"3":{"name":"(anonymous_3)","decl":{"start":{"line":30,"column":22},"end":{"line":30,"column":23}},"loc":{"start":{"line":30,"column":27},"end":{"line":30,"column":37}},"line":30},"4":{"name":"(anonymous_4)","decl":{"start":{"line":37,"column":30},"end":{"line":37,"column":31}},"loc":{"start":{"line":37,"column":59},"end":{"line":45,"column":1}},"line":37},"5":{"name":"(anonymous_5)","decl":{"start":{"line":40,"column":20},"end":{"line":40,"column":21}},"loc":{"start":{"line":40,"column":25},"end":{"line":40,"column":35}},"line":40},"6":{"name":"(anonymous_6)","decl":{"start":{"line":47,"column":23},"end":{"line":47,"column":24}},"loc":{"start":{"line":47,"column":52},"end":{"line":76,"column":1}},"line":47},"7":{"name":"(anonymous_7)","decl":{"start":{"line":78,"column":22},"end":{"line":78,"column":23}},"loc":{"start":{"line":78,"column":51},"end":{"line":86,"column":1}},"line":78},"8":{"name":"(anonymous_8)","decl":{"start":{"line":81,"column":22},"end":{"line":81,"column":23}},"loc":{"start":{"line":81,"column":27},"end":{"line":81,"column":37}},"line":81},"9":{"name":"(anonymous_9)","decl":{"start":{"line":88,"column":26},"end":{"line":88,"column":27}},"loc":{"start":{"line":88,"column":55},"end":{"line":96,"column":1}},"line":88},"10":{"name":"(anonymous_10)","decl":{"start":{"line":91,"column":22},"end":{"line":91,"column":23}},"loc":{"start":{"line":91,"column":27},"end":{"line":91,"column":37}},"line":91},"11":{"name":"(anonymous_11)","decl":{"start":{"line":98,"column":23},"end":{"line":98,"column":24}},"loc":{"start":{"line":98,"column":52},"end":{"line":131,"column":1}},"line":98},"12":{"name":"(anonymous_12)","decl":{"start":{"line":133,"column":29},"end":{"line":133,"column":30}},"loc":{"start":{"line":133,"column":58},"end":{"line":161,"column":1}},"line":133},"13":{"name":"(anonymous_13)","decl":{"start":{"line":153,"column":12},"end":{"line":153,"column":13}},"loc":{"start":{"line":153,"column":18},"end":{"line":155,"column":7}},"line":153},"14":{"name":"(anonymous_14)","decl":{"start":{"line":155,"column":15},"end":{"line":155,"column":16}},"loc":{"start":{"line":155,"column":21},"end":{"line":157,"column":7}},"line":155},"15":{"name":"(anonymous_15)","decl":{"start":{"line":163,"column":26},"end":{"line":163,"column":27}},"loc":{"start":{"line":163,"column":55},"end":{"line":196,"column":1}},"line":163},"16":{"name":"(anonymous_16)","decl":{"start":{"line":198,"column":24},"end":{"line":198,"column":25}},"loc":{"start":{"line":198,"column":53},"end":{"line":212,"column":1}},"line":198}},"branchMap":{"0":{"loc":{"start":{"line":17,"column":2},"end":{"line":19,"column":3}},"type":"if","locations":[{"start":{"line":17,"column":2},"end":{"line":19,"column":3}},{"start":{"line":17,"column":2},"end":{"line":19,"column":3}}],"line":17},"1":{"loc":{"start":{"line":17,"column":6},"end":{"line":17,"column":72}},"type":"binary-expr","locations":[{"start":{"line":17,"column":6},"end":{"line":17,"column":19}},{"start":{"line":17,"column":23},"end":{"line":17,"column":72}}],"line":17},"2":{"loc":{"start":{"line":58,"column":4},"end":{"line":71,"column":5}},"type":"if","locations":[{"start":{"line":58,"column":4},"end":{"line":71,"column":5}},{"start":{"line":58,"column":4},"end":{"line":71,"column":5}}],"line":58},"3":{"loc":{"start":{"line":58,"column":8},"end":{"line":58,"column":121}},"type":"binary-expr","locations":[{"start":{"line":58,"column":8},"end":{"line":58,"column":27}},{"start":{"line":58,"column":31},"end":{"line":58,"column":56}},{"start":{"line":58,"column":60},"end":{"line":58,"column":81}},{"start":{"line":58,"column":85},"end":{"line":58,"column":103}},{"start":{"line":58,"column":107},"end":{"line":58,"column":121}}],"line":58},"4":{"loc":{"start":{"line":106,"column":4},"end":{"line":108,"column":5}},"type":"if","locations":[{"start":{"line":106,"column":4},"end":{"line":108,"column":5}},{"start":{"line":106,"column":4},"end":{"line":108,"column":5}}],"line":106},"5":{"loc":{"start":{"line":106,"column":8},"end":{"line":106,"column":34}},"type":"binary-expr","locations":[{"start":{"line":106,"column":8},"end":{"line":106,"column":14}},{"start":{"line":106,"column":18},"end":{"line":106,"column":34}}],"line":106},"6":{"loc":{"start":{"line":112,"column":4},"end":{"line":127,"column":5}},"type":"if","locations":[{"start":{"line":112,"column":4},"end":{"line":127,"column":5}},{"start":{"line":112,"column":4},"end":{"line":127,"column":5}}],"line":112},"7":{"loc":{"start":{"line":117,"column":15},"end":{"line":117,"column":42}},"type":"cond-expr","locations":[{"start":{"line":117,"column":28},"end":{"line":117,"column":38}},{"start":{"line":117,"column":41},"end":{"line":117,"column":42}}],"line":117},"8":{"loc":{"start":{"line":141,"column":4},"end":{"line":143,"column":5}},"type":"if","locations":[{"start":{"line":141,"column":4},"end":{"line":143,"column":5}},{"start":{"line":141,"column":4},"end":{"line":143,"column":5}}],"line":141},"9":{"loc":{"start":{"line":141,"column":8},"end":{"line":141,"column":34}},"type":"binary-expr","locations":[{"start":{"line":141,"column":8},"end":{"line":141,"column":14}},{"start":{"line":141,"column":18},"end":{"line":141,"column":34}}],"line":141},"10":{"loc":{"start":{"line":148,"column":4},"end":{"line":150,"column":5}},"type":"if","locations":[{"start":{"line":148,"column":4},"end":{"line":150,"column":5}},{"start":{"line":148,"column":4},"end":{"line":150,"column":5}}],"line":148},"11":{"loc":{"start":{"line":171,"column":4},"end":{"line":173,"column":5}},"type":"if","locations":[{"start":{"line":171,"column":4},"end":{"line":173,"column":5}},{"start":{"line":171,"column":4},"end":{"line":173,"column":5}}],"line":171},"12":{"loc":{"start":{"line":171,"column":8},"end":{"line":171,"column":34}},"type":"binary-expr","locations":[{"start":{"line":171,"column":8},"end":{"line":171,"column":14}},{"start":{"line":171,"column":18},"end":{"line":171,"column":34}}],"line":171},"13":{"loc":{"start":{"line":178,"column":4},"end":{"line":180,"column":5}},"type":"if","locations":[{"start":{"line":178,"column":4},"end":{"line":180,"column":5}},{"start":{"line":178,"column":4},"end":{"line":180,"column":5}}],"line":178},"14":{"loc":{"start":{"line":202,"column":18},"end":{"line":202,"column":80}},"type":"cond-expr","locations":[{"start":{"line":202,"column":34},"end":{"line":202,"column":39}},{"start":{"line":202,"column":42},"end":{"line":202,"column":80}}],"line":202},"15":{"loc":{"start":{"line":204,"column":2},"end":{"line":211,"column":3}},"type":"if","locations":[{"start":{"line":204,"column":2},"end":{"line":211,"column":3}},{"start":{"line":204,"column":2},"end":{"line":211,"column":3}}],"line":204},"16":{"loc":{"start":{"line":204,"column":8},"end":{"line":204,"column":23}},"type":"binary-expr","locations":[{"start":{"line":204,"column":8},"end":{"line":204,"column":12}},{"start":{"line":204,"column":16},"end":{"line":204,"column":23}}],"line":204}},"s":{"0":1,"1":1,"2":1,"3":1,"4":1,"5":1,"6":1,"7":1,"8":1,"9":1,"10":1,"11":1,"12":1,"13":9,"14":9,"15":5,"16":4,"17":1,"18":9,"19":1,"20":0,"21":0,"22":0,"23":0,"24":0,"25":0,"26":1,"27":0,"28":0,"29":0,"30":0,"31":0,"32":0,"33":1,"34":3,"35":3,"36":3,"37":3,"38":3,"39":3,"40":3,"41":3,"42":3,"43":3,"44":2,"45":2,"46":2,"47":2,"48":1,"49":1,"50":0,"51":0,"52":1,"53":4,"54":4,"55":4,"56":24,"57":4,"58":0,"59":1,"60":2,"61":2,"62":1,"63":1,"64":1,"65":1,"66":1,"67":5,"68":5,"69":5,"70":5,"71":1,"72":0,"73":1,"74":1,"75":1,"76":1,"77":1,"78":1,"79":1,"80":0,"81":4,"82":1,"83":2,"84":2,"85":2,"86":2,"87":0,"88":2,"89":2,"90":1,"91":0,"92":1,"93":1,"94":0,"95":1,"96":1,"97":2,"98":2,"99":2,"100":2,"101":0,"102":2,"103":2,"104":1,"105":0,"106":1,"107":1,"108":1,"109":1,"110":1,"111":3,"112":3,"113":3,"114":3,"115":1,"116":2,"117":2,"118":2,"119":1},"f":{"0":9,"1":9,"2":0,"3":0,"4":0,"5":0,"6":3,"7":4,"8":24,"9":2,"10":1,"11":5,"12":2,"13":1,"14":0,"15":2,"16":3},"b":{"0":[5,4],"1":[9,5],"2":[2,1],"3":[3,3,3,3,1],"4":[0,1],"5":[1,1],"6":[1,0],"7":[1,0],"8":[0,2],"9":[2,2],"10":[0,1],"11":[0,2],"12":[2,2],"13":[0,1],"14":[1,2],"15":[1,2],"16":[3,2]},"_coverageSchema":"43e27e138ebf9cfc5966b082cf9a028302ed4184","hash":"6565cb8c8ca25ba44a30e21172f3654648a46c5e"}
,"/home/redfoxfinn/Projects/WebstormProjects/fullStack2019/4/blogilista/models/blogModel.js": {"path":"/home/redfoxfinn/Projects/WebstormProjects/fullStack2019/4/blogilista/models/blogModel.js","statementMap":{"0":{"start":{"line":1,"column":17},"end":{"line":1,"column":36}},"1":{"start":{"line":3,"column":19},"end":{"line":9,"column":2}},"2":{"start":{"line":11,"column":0},"end":{"line":17,"column":3}},"3":{"start":{"line":13,"column":4},"end":{"line":13,"column":54}},"4":{"start":{"line":14,"column":4},"end":{"line":14,"column":30}},"5":{"start":{"line":15,"column":4},"end":{"line":15,"column":30}},"6":{"start":{"line":19,"column":18},"end":{"line":19,"column":52}},"7":{"start":{"line":21,"column":0},"end":{"line":21,"column":27}}},"fnMap":{"0":{"name":"(anonymous_0)","decl":{"start":{"line":12,"column":13},"end":{"line":12,"column":14}},"loc":{"start":{"line":12,"column":43},"end":{"line":16,"column":3}},"line":12}},"branchMap":{},"s":{"0":1,"1":1,"2":1,"3":26,"4":26,"5":26,"6":1,"7":1},"f":{"0":26},"b":{},"_coverageSchema":"43e27e138ebf9cfc5966b082cf9a028302ed4184","hash":"8581a3d80c879f3d422a17030e24cb37545455cc"}
,"/home/redfoxfinn/Projects/WebstormProjects/fullStack2019/4/blogilista/models/userModel.js": {"path":"/home/redfoxfinn/Projects/WebstormProjects/fullStack2019/4/blogilista/models/userModel.js","statementMap":{"0":{"start":{"line":1,"column":17},"end":{"line":1,"column":36}},"1":{"start":{"line":2,"column":24},"end":{"line":2,"column":60}},"2":{"start":{"line":4,"column":19},"end":{"line":9,"column":2}},"3":{"start":{"line":11,"column":0},"end":{"line":18,"column":3}},"4":{"start":{"line":13,"column":4},"end":{"line":13,"column":54}},"5":{"start":{"line":14,"column":4},"end":{"line":14,"column":30}},"6":{"start":{"line":15,"column":4},"end":{"line":15,"column":30}},"7":{"start":{"line":16,"column":4},"end":{"line":16,"column":29}},"8":{"start":{"line":20,"column":0},"end":{"line":20,"column":35}},"9":{"start":{"line":22,"column":18},"end":{"line":22,"column":52}},"10":{"start":{"line":24,"column":0},"end":{"line":24,"column":27}}},"fnMap":{"0":{"name":"(anonymous_0)","decl":{"start":{"line":12,"column":13},"end":{"line":12,"column":14}},"loc":{"start":{"line":12,"column":43},"end":{"line":17,"column":3}},"line":12}},"branchMap":{},"s":{"0":1,"1":1,"2":1,"3":1,"4":28,"5":28,"6":28,"7":28,"8":1,"9":1,"10":1},"f":{"0":28},"b":{},"_coverageSchema":"43e27e138ebf9cfc5966b082cf9a028302ed4184","hash":"9d6512cb6b5c2dc35cadf8fa8cb16f501f3de5cb"}
,"/home/redfoxfinn/Projects/WebstormProjects/fullStack2019/4/blogilista/utils/config.js": {"path":"/home/redfoxfinn/Projects/WebstormProjects/fullStack2019/4/blogilista/utils/config.js","statementMap":{"0":{"start":{"line":1,"column":0},"end":{"line":3,"column":1}},"1":{"start":{"line":2,"column":2},"end":{"line":2,"column":29}},"2":{"start":{"line":5,"column":20},"end":{"line":5,"column":109}},"3":{"start":{"line":6,"column":13},"end":{"line":6,"column":29}},"4":{"start":{"line":7,"column":15},"end":{"line":7,"column":33}},"5":{"start":{"line":9,"column":0},"end":{"line":11,"column":2}}},"fnMap":{},"branchMap":{"0":{"loc":{"start":{"line":1,"column":0},"end":{"line":3,"column":1}},"type":"if","locations":[{"start":{"line":1,"column":0},"end":{"line":3,"column":1}},{"start":{"line":1,"column":0},"end":{"line":3,"column":1}}],"line":1},"1":{"loc":{"start":{"line":5,"column":20},"end":{"line":5,"column":109}},"type":"cond-expr","locations":[{"start":{"line":5,"column":55},"end":{"line":5,"column":78}},{"start":{"line":5,"column":81},"end":{"line":5,"column":109}}],"line":5}},"s":{"0":1,"1":1,"2":1,"3":1,"4":1,"5":1},"f":{},"b":{"0":[1,0],"1":[0,1]},"_coverageSchema":"43e27e138ebf9cfc5966b082cf9a028302ed4184","hash":"ba1453e7cc2f0fcac8b057bfc212b56c53c510bc"}
,"/home/redfoxfinn/Projects/WebstormProjects/fullStack2019/4/blogilista/utils/for_testing.js": {"path":"/home/redfoxfinn/Projects/WebstormProjects/fullStack2019/4/blogilista/utils/for_testing.js","statementMap":{"0":{"start":{"line":1,"column":19},"end":{"line":6,"column":1}},"1":{"start":{"line":2,"column":2},"end":{"line":5,"column":14}},"2":{"start":{"line":8,"column":16},"end":{"line":16,"column":1}},"3":{"start":{"line":9,"column":18},"end":{"line":11,"column":3}},"4":{"start":{"line":10,"column":4},"end":{"line":10,"column":22}},"5":{"start":{"line":13,"column":2},"end":{"line":15,"column":44}},"6":{"start":{"line":18,"column":0},"end":{"line":20,"column":2}}},"fnMap":{"0":{"name":"(anonymous_0)","decl":{"start":{"line":1,"column":19},"end":{"line":1,"column":20}},"loc":{"start":{"line":1,"column":31},"end":{"line":6,"column":1}},"line":1},"1":{"name":"(anonymous_1)","decl":{"start":{"line":8,"column":16},"end":{"line":8,"column":17}},"loc":{"start":{"line":8,"column":27},"end":{"line":16,"column":1}},"line":8},"2":{"name":"(anonymous_2)","decl":{"start":{"line":9,"column":18},"end":{"line":9,"column":19}},"loc":{"start":{"line":9,"column":33},"end":{"line":11,"column":3}},"line":9}},"branchMap":{"0":{"loc":{"start":{"line":13,"column":9},"end":{"line":15,"column":43}},"type":"cond-expr","locations":[{"start":{"line":14,"column":4},"end":{"line":14,"column":5}},{"start":{"line":15,"column":4},"end":{"line":15,"column":43}}],"line":13}},"s":{"0":2,"1":3,"2":2,"3":3,"4":7,"5":3,"6":2},"f":{"0":3,"1":3,"2":7},"b":{"0":[1,2]},"_coverageSchema":"43e27e138ebf9cfc5966b082cf9a028302ed4184","hash":"6441d41213b3f715473dbf421a2486fc4556a1e2"}
,"/home/redfoxfinn/Projects/WebstormProjects/fullStack2019/4/blogilista/utils/list_helper.js": {"path":"/home/redfoxfinn/Projects/WebstormProjects/fullStack2019/4/blogilista/utils/list_helper.js","statementMap":{"0":{"start":{"line":1,"column":10},"end":{"line":1,"column":27}},"1":{"start":{"line":3,"column":14},"end":{"line":5,"column":1}},"2":{"start":{"line":4,"column":2},"end":{"line":4,"column":11}},"3":{"start":{"line":7,"column":19},"end":{"line":15,"column":1}},"4":{"start":{"line":8,"column":18},"end":{"line":10,"column":3}},"5":{"start":{"line":9,"column":4},"end":{"line":9,"column":28}},"6":{"start":{"line":12,"column":2},"end":{"line":14,"column":29}},"7":{"start":{"line":17,"column":21},"end":{"line":29,"column":1}},"8":{"start":{"line":18,"column":14},"end":{"line":18,"column":18}},"9":{"start":{"line":19,"column":2},"end":{"line":27,"column":5}},"10":{"start":{"line":20,"column":4},"end":{"line":26,"column":5}},"11":{"start":{"line":21,"column":6},"end":{"line":21,"column":19}},"12":{"start":{"line":23,"column":6},"end":{"line":25,"column":7}},"13":{"start":{"line":24,"column":8},"end":{"line":24,"column":21}},"14":{"start":{"line":28,"column":2},"end":{"line":28,"column":72}},"15":{"start":{"line":31,"column":18},"end":{"line":38,"column":1}},"16":{"start":{"line":32,"column":18},"end":{"line":32,"column":44}},"17":{"start":{"line":33,"column":17},"end":{"line":33,"column":44}},"18":{"start":{"line":34,"column":20},"end":{"line":34,"column":76}},"19":{"start":{"line":35,"column":2},"end":{"line":37,"column":74}},"20":{"start":{"line":40,"column":18},"end":{"line":45,"column":1}},"21":{"start":{"line":41,"column":17},"end":{"line":41,"column":71}},"22":{"start":{"line":42,"column":2},"end":{"line":44,"column":78}},"23":{"start":{"line":47,"column":0},"end":{"line":53,"column":2}}},"fnMap":{"0":{"name":"(anonymous_0)","decl":{"start":{"line":3,"column":14},"end":{"line":3,"column":15}},"loc":{"start":{"line":3,"column":25},"end":{"line":5,"column":1}},"line":3},"1":{"name":"(anonymous_1)","decl":{"start":{"line":7,"column":19},"end":{"line":7,"column":20}},"loc":{"start":{"line":7,"column":30},"end":{"line":15,"column":1}},"line":7},"2":{"name":"(anonymous_2)","decl":{"start":{"line":8,"column":18},"end":{"line":8,"column":19}},"loc":{"start":{"line":8,"column":33},"end":{"line":10,"column":3}},"line":8},"3":{"name":"(anonymous_3)","decl":{"start":{"line":17,"column":21},"end":{"line":17,"column":22}},"loc":{"start":{"line":17,"column":32},"end":{"line":29,"column":1}},"line":17},"4":{"name":"(anonymous_4)","decl":{"start":{"line":19,"column":16},"end":{"line":19,"column":17}},"loc":{"start":{"line":19,"column":24},"end":{"line":27,"column":3}},"line":19},"5":{"name":"(anonymous_5)","decl":{"start":{"line":31,"column":18},"end":{"line":31,"column":19}},"loc":{"start":{"line":31,"column":29},"end":{"line":38,"column":1}},"line":31},"6":{"name":"(anonymous_6)","decl":{"start":{"line":40,"column":18},"end":{"line":40,"column":19}},"loc":{"start":{"line":40,"column":29},"end":{"line":45,"column":1}},"line":40}},"branchMap":{"0":{"loc":{"start":{"line":12,"column":9},"end":{"line":14,"column":28}},"type":"cond-expr","locations":[{"start":{"line":13,"column":4},"end":{"line":13,"column":5}},{"start":{"line":14,"column":4},"end":{"line":14,"column":28}}],"line":12},"1":{"loc":{"start":{"line":20,"column":4},"end":{"line":26,"column":5}},"type":"if","locations":[{"start":{"line":20,"column":4},"end":{"line":26,"column":5}},{"start":{"line":20,"column":4},"end":{"line":26,"column":5}}],"line":20},"2":{"loc":{"start":{"line":23,"column":6},"end":{"line":25,"column":7}},"type":"if","locations":[{"start":{"line":23,"column":6},"end":{"line":25,"column":7}},{"start":{"line":23,"column":6},"end":{"line":25,"column":7}}],"line":23},"3":{"loc":{"start":{"line":35,"column":9},"end":{"line":37,"column":73}},"type":"cond-expr","locations":[{"start":{"line":36,"column":4},"end":{"line":36,"column":5}},{"start":{"line":37,"column":4},"end":{"line":37,"column":73}}],"line":35},"4":{"loc":{"start":{"line":42,"column":9},"end":{"line":44,"column":78}},"type":"cond-expr","locations":[{"start":{"line":43,"column":4},"end":{"line":43,"column":5}},{"start":{"line":44,"column":4},"end":{"line":44,"column":78}}],"line":42}},"s":{"0":1,"1":1,"2":1,"3":1,"4":3,"5":7,"6":3,"7":1,"8":1,"9":1,"10":6,"11":1,"12":5,"13":1,"14":1,"15":1,"16":1,"17":1,"18":1,"19":1,"20":1,"21":1,"22":1,"23":1},"f":{"0":1,"1":3,"2":7,"3":1,"4":6,"5":1,"6":1},"b":{"0":[1,2],"1":[1,5],"2":[1,4],"3":[0,1],"4":[0,1]},"_coverageSchema":"43e27e138ebf9cfc5966b082cf9a028302ed4184","hash":"7a0a99ab47b9ee5f410db9df3dab3ce5b383f08e"}
,"/home/redfoxfinn/Projects/WebstormProjects/fullStack2019/4/blogilista/utils/logger.js": {"path":"/home/redfoxfinn/Projects/WebstormProjects/fullStack2019/4/blogilista/utils/logger.js","statementMap":{"0":{"start":{"line":1,"column":13},"end":{"line":5,"column":1}},"1":{"start":{"line":2,"column":2},"end":{"line":4,"column":3}},"2":{"start":{"line":3,"column":4},"end":{"line":3,"column":27}},"3":{"start":{"line":7,"column":14},"end":{"line":9,"column":1}},"4":{"start":{"line":8,"column":2},"end":{"line":8,"column":27}},"5":{"start":{"line":11,"column":0},"end":{"line":13,"column":2}}},"fnMap":{"0":{"name":"(anonymous_0)","decl":{"start":{"line":1,"column":13},"end":{"line":1,"column":14}},"loc":{"start":{"line":1,"column":28},"end":{"line":5,"column":1}},"line":1},"1":{"name":"(anonymous_1)","decl":{"start":{"line":7,"column":14},"end":{"line":7,"column":15}},"loc":{"start":{"line":7,"column":29},"end":{"line":9,"column":1}},"line":7}},"branchMap":{"0":{"loc":{"start":{"line":2,"column":2},"end":{"line":4,"column":3}},"type":"if","locations":[{"start":{"line":2,"column":2},"end":{"line":4,"column":3}},{"start":{"line":2,"column":2},"end":{"line":4,"column":3}}],"line":2}},"s":{"0":1,"1":16,"2":0,"3":1,"4":0,"5":1},"f":{"0":16,"1":0},"b":{"0":[0,16]},"_coverageSchema":"43e27e138ebf9cfc5966b082cf9a028302ed4184","hash":"7cec9073f016db319cff16e43abef2fcd75458f5"}
}
