TN:
SF:/home/redfoxfinn/Projects/WebstormProjects/fullStack2019/4/blogilista/controllers/apiController.js
FN:15,(anonymous_0)
FN:23,(anonymous_1)
FN:27,(anonymous_2)
FN:30,(anonymous_3)
FN:37,(anonymous_4)
FN:40,(anonymous_5)
FN:47,(anonymous_6)
FN:78,(anonymous_7)
FN:81,(anonymous_8)
FN:88,(anonymous_9)
FN:91,(anonymous_10)
FN:98,(anonymous_11)
FN:133,(anonymous_12)
FN:153,(anonymous_13)
FN:155,(anonymous_14)
FN:163,(anonymous_15)
FN:198,(anonymous_16)
FNF:17
FNH:12
FNDA:9,(anonymous_0)
FNDA:9,(anonymous_1)
FNDA:0,(anonymous_2)
FNDA:0,(anonymous_3)
FNDA:0,(anonymous_4)
FNDA:0,(anonymous_5)
FNDA:3,(anonymous_6)
FNDA:4,(anonymous_7)
FNDA:24,(anonymous_8)
FNDA:2,(anonymous_9)
FNDA:1,(anonymous_10)
FNDA:5,(anonymous_11)
FNDA:2,(anonymous_12)
FNDA:1,(anonymous_13)
FNDA:0,(anonymous_14)
FNDA:2,(anonymous_15)
FNDA:3,(anonymous_16)
DA:1,1
DA:2,1
DA:3,1
DA:4,1
DA:5,1
DA:6,1
DA:7,1
DA:8,1
DA:9,1
DA:10,1
DA:12,1
DA:13,1
DA:15,1
DA:16,9
DA:17,9
DA:18,5
DA:20,4
DA:23,1
DA:24,9
DA:27,1
DA:28,0
DA:29,0
DA:30,0
DA:31,0
DA:33,0
DA:37,1
DA:38,0
DA:39,0
DA:40,0
DA:41,0
DA:43,0
DA:47,1
DA:48,3
DA:49,3
DA:50,3
DA:51,3
DA:52,3
DA:53,3
DA:54,3
DA:55,3
DA:56,3
DA:58,3
DA:59,2
DA:65,2
DA:66,2
DA:67,2
DA:69,1
DA:70,1
DA:73,0
DA:74,0
DA:78,1
DA:79,4
DA:80,4
DA:81,24
DA:82,4
DA:84,0
DA:88,1
DA:89,2
DA:90,2
DA:91,1
DA:92,1
DA:94,1
DA:98,1
DA:99,5
DA:101,5
DA:103,5
DA:104,5
DA:106,1
DA:107,0
DA:110,1
DA:112,1
DA:113,1
DA:121,1
DA:122,1
DA:123,1
DA:124,1
DA:126,0
DA:129,4
DA:133,1
DA:135,2
DA:137,2
DA:139,2
DA:141,2
DA:142,0
DA:145,2
DA:146,2
DA:148,1
DA:149,0
DA:152,1
DA:154,1
DA:156,0
DA:159,1
DA:163,1
DA:165,2
DA:167,2
DA:169,2
DA:171,2
DA:172,0
DA:175,2
DA:176,2
DA:178,1
DA:179,0
DA:182,1
DA:188,1
DA:192,1
DA:194,1
DA:198,1
DA:199,3
DA:201,3
DA:202,3
DA:204,3
DA:205,1
DA:207,2
DA:208,2
DA:210,2
DA:214,1
LF:116
LH:96
BRDA:17,0,0,5
BRDA:17,0,1,4
BRDA:17,1,0,9
BRDA:17,1,1,5
BRDA:58,2,0,2
BRDA:58,2,1,1
BRDA:58,3,0,3
BRDA:58,3,1,3
BRDA:58,3,2,3
BRDA:58,3,3,3
BRDA:58,3,4,1
BRDA:106,4,0,0
BRDA:106,4,1,1
BRDA:106,5,0,1
BRDA:106,5,1,1
BRDA:112,6,0,1
BRDA:112,6,1,0
BRDA:117,7,0,1
BRDA:117,7,1,0
BRDA:141,8,0,0
BRDA:141,8,1,2
BRDA:141,9,0,2
BRDA:141,9,1,2
BRDA:148,10,0,0
BRDA:148,10,1,1
BRDA:171,11,0,0
BRDA:171,11,1,2
BRDA:171,12,0,2
BRDA:171,12,1,2
BRDA:178,13,0,0
BRDA:178,13,1,1
BRDA:202,14,0,1
BRDA:202,14,1,2
BRDA:204,15,0,1
BRDA:204,15,1,2
BRDA:204,16,0,3
BRDA:204,16,1,2
BRF:37
BRH:30
end_of_record
TN:
SF:/home/redfoxfinn/Projects/WebstormProjects/fullStack2019/4/blogilista/models/blogModel.js
FN:12,(anonymous_0)
FNF:1
FNH:1
FNDA:26,(anonymous_0)
DA:1,1
DA:3,1
DA:11,1
DA:13,26
DA:14,26
DA:15,26
DA:19,1
DA:21,1
LF:8
LH:8
BRF:0
BRH:0
end_of_record
TN:
SF:/home/redfoxfinn/Projects/WebstormProjects/fullStack2019/4/blogilista/models/userModel.js
FN:12,(anonymous_0)
FNF:1
FNH:1
FNDA:28,(anonymous_0)
DA:1,1
DA:2,1
DA:4,1
DA:11,1
DA:13,28
DA:14,28
DA:15,28
DA:16,28
DA:20,1
DA:22,1
DA:24,1
LF:11
LH:11
BRF:0
BRH:0
end_of_record
TN:
SF:/home/redfoxfinn/Projects/WebstormProjects/fullStack2019/4/blogilista/utils/config.js
FNF:0
FNH:0
DA:1,1
DA:2,1
DA:5,1
DA:6,1
DA:7,1
DA:9,1
LF:6
LH:6
BRDA:1,0,0,1
BRDA:1,0,1,0
BRDA:5,1,0,0
BRDA:5,1,1,1
BRF:4
BRH:2
end_of_record
TN:
SF:/home/redfoxfinn/Projects/WebstormProjects/fullStack2019/4/blogilista/utils/for_testing.js
FN:1,(anonymous_0)
FN:8,(anonymous_1)
FN:9,(anonymous_2)
FNF:3
FNH:3
FNDA:3,(anonymous_0)
FNDA:3,(anonymous_1)
FNDA:7,(anonymous_2)
DA:1,2
DA:2,3
DA:8,2
DA:9,3
DA:10,7
DA:13,3
DA:18,2
LF:7
LH:7
BRDA:13,0,0,1
BRDA:13,0,1,2
BRF:2
BRH:2
end_of_record
TN:
SF:/home/redfoxfinn/Projects/WebstormProjects/fullStack2019/4/blogilista/utils/list_helper.js
FN:3,(anonymous_0)
FN:7,(anonymous_1)
FN:8,(anonymous_2)
FN:17,(anonymous_3)
FN:19,(anonymous_4)
FN:31,(anonymous_5)
FN:40,(anonymous_6)
FNF:7
FNH:7
FNDA:1,(anonymous_0)
FNDA:3,(anonymous_1)
FNDA:7,(anonymous_2)
FNDA:1,(anonymous_3)
FNDA:6,(anonymous_4)
FNDA:1,(anonymous_5)
FNDA:1,(anonymous_6)
DA:1,1
DA:3,1
DA:4,1
DA:7,1
DA:8,3
DA:9,7
DA:12,3
DA:17,1
DA:18,1
DA:19,1
DA:20,6
DA:21,1
DA:23,5
DA:24,1
DA:28,1
DA:31,1
DA:32,1
DA:33,1
DA:34,1
DA:35,1
DA:40,1
DA:41,1
DA:42,1
DA:47,1
LF:24
LH:24
BRDA:12,0,0,1
BRDA:12,0,1,2
BRDA:20,1,0,1
BRDA:20,1,1,5
BRDA:23,2,0,1
BRDA:23,2,1,4
BRDA:35,3,0,0
BRDA:35,3,1,1
BRDA:42,4,0,0
BRDA:42,4,1,1
BRF:10
BRH:8
end_of_record
TN:
SF:/home/redfoxfinn/Projects/WebstormProjects/fullStack2019/4/blogilista/utils/logger.js
FN:1,(anonymous_0)
FN:7,(anonymous_1)
FNF:2
FNH:1
FNDA:16,(anonymous_0)
FNDA:0,(anonymous_1)
DA:1,1
DA:2,16
DA:3,0
DA:7,1
DA:8,0
DA:11,1
LF:6
LH:4
BRDA:2,0,0,0
BRDA:2,0,1,16
BRF:2
BRH:1
end_of_record
